Arguments: 
  /usr/local/bin/node /usr/share/yarn/bin/yarn.js add --save react

PATH: 
  /usr/app/jdk180144/bin:/home/hx/bin:/home/hx/.local/bin:/usr/local/sbin:/usr/local/bin:/usr/sbin:/usr/bin:/sbin:/bin:/usr/games:/usr/local/games:/snap/bin:/home/hx/local/demo/:/home/hx/local:/usr/app/node-v6.11.2-linux-x64/bin:/home/hx/.yarn/bin:/home/hx/.vimpkg/bin

Yarn version: 
  1.5.1

Node version: 
  9.4.0

Platform: 
  linux x64

npm manifest: 
  {
    "name": "react1",
    "version": "1.0.0",
    "main": "index.js",
    "license": "MIT"
  }

yarn manifest: 
  No manifest

Lockfile: 
  No lockfile

Trace: 
  Error: Missing list of packages to add to your project.
      at new MessageError (/usr/share/yarn/lib/cli.js:186:110)
      at Object.<anonymous> (/usr/share/yarn/lib/cli.js:40587:13)
      at Generator.next (<anonymous>)
      at step (/usr/share/yarn/lib/cli.js:98:30)
      at /usr/share/yarn/lib/cli.js:116:14
      at new Promise (<anonymous>)
      at new F (/usr/share/yarn/lib/cli.js:23451:28)
      at Object.<anonymous> (/usr/share/yarn/lib/cli.js:95:12)
      at Object.run (/usr/share/yarn/lib/cli.js:40599:19)
      at run (/usr/share/yarn/lib/cli.js:89113:20)
